== 4x4_uni (border_bal) ==
  caching spread 0..29...
  30 schedules in 0.2s
  cap= 0  mk=39  (0.0s)
  cap= 1  mk=37  (0.0s)
  cap= 2  mk=37  (0.0s)
  cap= 3  mk=37  (0.0s)
  cap= 4  mk=37  (0.0s)
  cap= 5  mk=37  (0.0s)
  cap= 8  mk=37  (0.0s)
  cap=12  mk=37  (0.0s)
  cap=16  mk=37  (0.0s)
  cap=20  mk=37  (0.0s)
  cap=24  mk=37  (0.0s)
  cap=32  mk=37  (0.0s)
  cap=40  mk=37  (0.0s)
  cap=45  mk=37  (0.0s)
  cap=46  mk=37  (0.0s)
  cap=47  mk=37  (0.0s)
  cap=48  mk=37  (0.0s)
== 4x4_bi (border_bal) ==
  caching spread 0..29...
  30 schedules in 0.1s
  cap= 0  mk=33  (0.0s)
  cap= 1  mk=33  (0.0s)
  cap= 2  mk=33  (0.0s)
  cap= 3  mk=33  (0.0s)
  cap= 4  mk=33  (0.0s)
  cap= 5  mk=33  (0.0s)
  cap= 8  mk=33  (0.0s)
  cap=12  mk=33  (0.0s)
  cap=16  mk=33  (0.0s)
  cap=20  mk=33  (0.0s)
  cap=24  mk=33  (0.0s)
  cap=32  mk=33  (0.0s)
  cap=40  mk=33  (0.0s)
  cap=45  mk=33  (0.0s)
  cap=46  mk=33  (0.0s)
  cap=47  mk=33  (0.0s)
  cap=48  mk=33  (0.0s)
== 8x8_uni (border_bal) ==
  caching spread 0..49...
  50 schedules in 2.7s
  cap= 0  mk=182  (0.0s)
  cap= 1  mk=180  (0.0s)
  cap= 2  mk=180  (0.0s)
  cap= 3  mk=180  (0.0s)
  cap= 4  mk=180  (0.0s)
  cap= 5  mk=180  (0.0s)
  cap= 8  mk=180  (0.0s)
  cap=12  mk=180  (0.0s)
  cap=16  mk=130  (0.0s)
  cap=20  mk=126  (0.0s)
  cap=24  mk=126  (0.0s)
  cap=32  mk=126  (0.0s)
  cap=40  mk=126  (0.0s)
  cap=45  mk=126  (0.0s)
  cap=46  mk=126  (0.0s)
  cap=47  mk=126  (0.0s)
  cap=48  mk=126  (0.0s)
== 8x8_bi (border_bal) ==
  caching spread 0..49...
  50 schedules in 2.4s
  cap= 0  mk=133  (0.0s)
  cap= 1  mk=98  (0.0s)
  cap= 2  mk=98  (0.0s)
  cap= 3  mk=98  (0.0s)
  cap= 4  mk=93  (0.0s)
  cap= 5  mk=93  (0.0s)
  cap= 8  mk=93  (0.0s)
  cap=12  mk=93  (0.0s)
  cap=16  mk=93  (0.0s)
  cap=20  mk=93  (0.0s)
  cap=24  mk=93  (0.0s)
  cap=32  mk=93  (0.0s)
  cap=40  mk=93  (0.0s)
  cap=45  mk=93  (0.0s)
  cap=46  mk=93  (0.0s)
  cap=47  mk=93  (0.0s)
  cap=48  mk=93  (0.0s)
== 16x16_uni (border_bal) ==
  caching spread 0..79...
  80 schedules in 88.0s
  cap= 0  mk=751  (0.0s)
  cap= 1  mk=651  (0.0s)
  cap= 2  mk=651  (0.0s)
  cap= 3  mk=651  (0.0s)
  cap= 4  mk=651  (0.0s)
  cap= 5  mk=651  (0.0s)
  cap= 8  mk=651  (0.0s)
  cap=12  mk=651  (0.0s)
  cap=16  mk=651  (0.0s)
  cap=20  mk=651  (0.0s)
  cap=24  mk=651  (0.0s)
  cap=32  mk=651  (0.0s)
  cap=40  mk=651  (0.0s)
  cap=45  mk=651  (0.0s)
  cap=46  mk=651  (0.0s)
  cap=47  mk=651  (0.0s)
  cap=48  mk=651  (0.0s)
== 16x16_bi (border_bal) ==
  caching spread 0..79...
  80 schedules in 71.5s
  cap= 0  mk=605  (0.0s)
  cap= 1  mk=442  (0.0s)
  cap= 2  mk=418  (0.0s)
  cap= 3  mk=409  (0.0s)
  cap= 4  mk=399  (0.0s)
  cap= 5  mk=399  (0.0s)
  cap= 8  mk=399  (0.0s)
  cap=12  mk=399  (0.0s)
  cap=16  mk=399  (0.0s)
  cap=20  mk=399  (0.0s)
  cap=24  mk=399  (0.0s)
  cap=32  mk=399  (0.0s)
  cap=40  mk=267  (0.0s)
  cap=45  mk=267  (0.0s)
  cap=46  mk=267  (0.0s)
  cap=47  mk=267  (0.0s)
  cap=48  mk=267  (0.0s)
Wrote /home/luke/workspace/booksim2/results/border_bal_afifo_depth_sweep.json (253s)
