== 4x4_uni (border) ==
  caching spread 0..29...
  60 schedules in 0.1s
  cap= 0  mk=39  (0.0s)
  cap= 1  mk=37  (0.0s)
  cap= 2  mk=37  (0.0s)
  cap= 3  mk=37  (0.0s)
  cap= 4  mk=37  (0.0s)
  cap= 5  mk=37  (0.0s)
  cap= 8  mk=37  (0.0s)
  cap=12  mk=37  (0.0s)
  cap=16  mk=37  (0.0s)
  cap=20  mk=37  (0.0s)
  cap=24  mk=37  (0.0s)
  cap=32  mk=37  (0.0s)
  cap=40  mk=37  (0.0s)
  cap=45  mk=37  (0.0s)
  cap=46  mk=37  (0.0s)
  cap=47  mk=37  (0.0s)
  cap=48  mk=37  (0.0s)
== 4x4_bi (border) ==
  caching spread 0..29...
  60 schedules in 0.1s
  cap= 0  mk=33  (0.0s)
  cap= 1  mk=33  (0.0s)
  cap= 2  mk=33  (0.0s)
  cap= 3  mk=33  (0.0s)
  cap= 4  mk=33  (0.0s)
  cap= 5  mk=33  (0.0s)
  cap= 8  mk=33  (0.0s)
  cap=12  mk=33  (0.0s)
  cap=16  mk=33  (0.0s)
  cap=20  mk=33  (0.0s)
  cap=24  mk=33  (0.0s)
  cap=32  mk=33  (0.0s)
  cap=40  mk=33  (0.0s)
  cap=45  mk=33  (0.0s)
  cap=46  mk=33  (0.0s)
  cap=47  mk=33  (0.0s)
  cap=48  mk=33  (0.0s)
== 8x8_uni (border) ==
  caching spread 0..49...
  100 schedules in 2.6s
  cap= 0  mk=182  (0.0s)
  cap= 1  mk=180  (0.0s)
  cap= 2  mk=180  (0.0s)
  cap= 3  mk=180  (0.0s)
  cap= 4  mk=180  (0.0s)
  cap= 5  mk=180  (0.0s)
  cap= 8  mk=180  (0.0s)
  cap=12  mk=145  (0.0s)
  cap=16  mk=124  (0.0s)
  cap=20  mk=124  (0.0s)
  cap=24  mk=124  (0.0s)
  cap=32  mk=124  (0.0s)
  cap=40  mk=124  (0.0s)
  cap=45  mk=124  (0.0s)
  cap=46  mk=124  (0.0s)
  cap=47  mk=124  (0.0s)
  cap=48  mk=124  (0.0s)
== 8x8_bi (border) ==
  caching spread 0..49...
  100 schedules in 2.5s
  cap= 0  mk=124  (0.0s)
  cap= 1  mk=103  (0.0s)
  cap= 2  mk=93  (0.0s)
  cap= 3  mk=93  (0.0s)
  cap= 4  mk=89  (0.0s)
  cap= 5  mk=89  (0.0s)
  cap= 8  mk=89  (0.0s)
  cap=12  mk=89  (0.0s)
  cap=16  mk=89  (0.0s)
  cap=20  mk=89  (0.0s)
  cap=24  mk=89  (0.0s)
  cap=32  mk=89  (0.0s)
  cap=40  mk=89  (0.0s)
  cap=45  mk=89  (0.0s)
  cap=46  mk=89  (0.0s)
  cap=47  mk=89  (0.0s)
  cap=48  mk=89  (0.0s)
== 16x16_uni (border) ==
  caching spread 0..79...
  160 schedules in 79.7s
  cap= 0  mk=751  (0.0s)
  cap= 1  mk=651  (0.0s)
  cap= 2  mk=651  (0.0s)
  cap= 3  mk=651  (0.0s)
  cap= 4  mk=651  (0.0s)
  cap= 5  mk=651  (0.0s)
  cap= 8  mk=651  (0.0s)
  cap=12  mk=651  (0.0s)
  cap=16  mk=651  (0.0s)
  cap=20  mk=651  (0.0s)
  cap=24  mk=651  (0.0s)
  cap=32  mk=651  (0.0s)
  cap=40  mk=651  (0.0s)
  cap=45  mk=651  (0.0s)
  cap=46  mk=651  (0.0s)
  cap=47  mk=651  (0.0s)
  cap=48  mk=651  (0.0s)
== 16x16_bi (border) ==
  caching spread 0..79...
  160 schedules in 68.3s
  cap= 0  mk=600  (0.0s)
  cap= 1  mk=440  (0.0s)
  cap= 2  mk=393  (0.0s)
  cap= 3  mk=379  (0.0s)
  cap= 4  mk=379  (0.0s)
  cap= 5  mk=379  (0.0s)
  cap= 8  mk=379  (0.0s)
  cap=12  mk=379  (0.0s)
  cap=16  mk=379  (0.0s)
  cap=20  mk=379  (0.0s)
  cap=24  mk=379  (0.0s)
  cap=32  mk=379  (0.0s)
  cap=40  mk=379  (0.0s)
  cap=45  mk=244  (0.0s)
  cap=46  mk=244  (0.0s)
  cap=47  mk=244  (0.0s)
  cap=48  mk=244  (0.0s)
Wrote /home/luke/workspace/booksim2/results/border_afifo_depth_sweep.json (242s)
