== ramp4 4x4_uni ==
  caching spread 0..29...
  60 schedules in 0.1s
  cap= 0  mk=37  (0.0s)
  cap= 1  mk=36  (0.0s)
  cap= 2  mk=36  (0.0s)
  cap= 3  mk=36  (0.0s)
  cap= 4  mk=36  (0.0s)
  cap= 5  mk=36  (0.0s)
  cap= 8  mk=36  (0.0s)
  cap=12  mk=36  (0.0s)
  cap=16  mk=36  (0.0s)
  cap=20  mk=36  (0.0s)
  cap=24  mk=36  (0.0s)
  cap=32  mk=36  (0.0s)
  cap=40  mk=36  (0.0s)
  cap=45  mk=36  (0.0s)
  cap=46  mk=36  (0.0s)
  cap=47  mk=36  (0.0s)
  cap=48  mk=36  (0.0s)
== ramp4 4x4_bi ==
  caching spread 0..29...
  60 schedules in 0.1s
  cap= 0  mk=33  (0.0s)
  cap= 1  mk=32  (0.0s)
  cap= 2  mk=32  (0.0s)
  cap= 3  mk=32  (0.0s)
  cap= 4  mk=32  (0.0s)
  cap= 5  mk=32  (0.0s)
  cap= 8  mk=32  (0.0s)
  cap=12  mk=32  (0.0s)
  cap=16  mk=32  (0.0s)
  cap=20  mk=32  (0.0s)
  cap=24  mk=32  (0.0s)
  cap=32  mk=32  (0.0s)
  cap=40  mk=32  (0.0s)
  cap=45  mk=32  (0.0s)
  cap=46  mk=32  (0.0s)
  cap=47  mk=32  (0.0s)
  cap=48  mk=32  (0.0s)
== ramp4 8x8_uni ==
  caching spread 0..49...
  100 schedules in 2.6s
  cap= 0  mk=129  (0.0s)
  cap= 1  mk=114  (0.0s)
  cap= 2  mk=114  (0.0s)
  cap= 3  mk=114  (0.0s)
  cap= 4  mk=114  (0.0s)
  cap= 5  mk=114  (0.0s)
  cap= 8  mk=114  (0.0s)
  cap=12  mk=114  (0.0s)
  cap=16  mk=114  (0.0s)
  cap=20  mk=114  (0.0s)
  cap=24  mk=114  (0.0s)
  cap=32  mk=114  (0.0s)
  cap=40  mk=114  (0.0s)
  cap=45  mk=114  (0.0s)
  cap=46  mk=114  (0.0s)
  cap=47  mk=114  (0.0s)
  cap=48  mk=114  (0.0s)
== ramp4 8x8_bi ==
  caching spread 0..49...
  100 schedules in 2.5s
  cap= 0  mk=123  (0.0s)
  cap= 1  mk=101  (0.0s)
  cap= 2  mk=89  (0.0s)
  cap= 3  mk=89  (0.0s)
  cap= 4  mk=89  (0.0s)
  cap= 5  mk=89  (0.0s)
  cap= 8  mk=89  (0.0s)
  cap=12  mk=89  (0.0s)
  cap=16  mk=89  (0.0s)
  cap=20  mk=89  (0.0s)
  cap=24  mk=89  (0.0s)
  cap=32  mk=89  (0.0s)
  cap=40  mk=89  (0.0s)
  cap=45  mk=89  (0.0s)
  cap=46  mk=89  (0.0s)
  cap=47  mk=89  (0.0s)
  cap=48  mk=89  (0.0s)
== ramp4 16x16_uni ==
  caching spread 0..79...
  160 schedules in 69.1s
  cap= 0  mk=604  (0.0s)
  cap= 1  mk=554  (0.0s)
  cap= 2  mk=372  (0.0s)
  cap= 3  mk=372  (0.0s)
  cap= 4  mk=372  (0.0s)
  cap= 5  mk=372  (0.0s)
  cap= 8  mk=372  (0.0s)
  cap=12  mk=372  (0.0s)
  cap=16  mk=372  (0.0s)
  cap=20  mk=372  (0.0s)
  cap=24  mk=372  (0.0s)
  cap=32  mk=372  (0.0s)
  cap=40  mk=372  (0.0s)
  cap=45  mk=372  (0.0s)
  cap=46  mk=372  (0.0s)
  cap=47  mk=372  (0.0s)
  cap=48  mk=372  (0.0s)
== ramp4 16x16_bi ==
  caching spread 0..79...
  160 schedules in 67.8s
  cap= 0  mk=555  (0.0s)
  cap= 1  mk=403  (0.0s)
  cap= 2  mk=373  (0.0s)
  cap= 3  mk=373  (0.0s)
  cap= 4  mk=364  (0.0s)
  cap= 5  mk=364  (0.0s)
  cap= 8  mk=356  (0.0s)
  cap=12  mk=356  (0.0s)
  cap=16  mk=356  (0.0s)
  cap=20  mk=356  (0.0s)
  cap=24  mk=356  (0.0s)
  cap=32  mk=242  (0.0s)
  cap=40  mk=242  (0.0s)
  cap=45  mk=242  (0.0s)
  cap=46  mk=242  (0.0s)
  cap=47  mk=242  (0.0s)
  cap=48  mk=242  (0.0s)
Wrote /home/luke/workspace/booksim2/results/ramp4_afifo_depth_sweep.json (193s)
