Monitoring sweep (expect m=2,3,4,5 in /home/luke/workspace/booksim2/results/buffer_pareto_msg_size.json)...
2026-06-25T17:13:38+08:00  completed_blocks=2  === m=4 flit ===
2026-06-25T17:15:38+08:00  completed_blocks=2  === m=4 flit ===
2026-06-25T17:17:38+08:00  completed_blocks=2  === m=4 flit ===
2026-06-25T17:19:38+08:00  completed_blocks=2  === m=4 flit ===
2026-06-25T17:21:38+08:00  completed_blocks=2  === m=4 flit ===
2026-06-25T17:23:38+08:00  completed_blocks=2  === m=4 flit ===
2026-06-25T17:25:39+08:00  completed_blocks=2  === m=4 flit ===
2026-06-25T17:27:39+08:00  completed_blocks=2  === m=4 flit ===
2026-06-25T17:29:39+08:00  completed_blocks=2  === m=4 flit ===
2026-06-25T17:31:39+08:00  completed_blocks=2  === m=4 flit ===
2026-06-25T17:33:39+08:00  completed_blocks=2  === m=4 flit ===
2026-06-25T17:35:39+08:00  completed_blocks=2  === m=4 flit ===
2026-06-25T17:37:39+08:00  completed_blocks=2  === m=4 flit ===
2026-06-25T17:39:39+08:00  completed_blocks=2  === m=4 flit ===
2026-06-25T17:41:39+08:00  completed_blocks=2  === m=4 flit ===
2026-06-25T17:43:39+08:00  completed_blocks=2  === m=4 flit ===
2026-06-25T17:45:39+08:00  completed_blocks=2  === m=4 flit ===
2026-06-25T17:47:39+08:00  completed_blocks=2  === m=4 flit ===
2026-06-25T17:49:39+08:00  completed_blocks=2  === m=4 flit ===
2026-06-25T17:51:39+08:00  completed_blocks=2  === m=4 flit ===
2026-06-25T17:53:39+08:00  completed_blocks=2  === m=4 flit ===
2026-06-25T17:55:39+08:00  completed_blocks=2  === m=4 flit ===
2026-06-25T17:57:39+08:00  completed_blocks=2  === m=4 flit ===
2026-06-25T17:59:39+08:00  completed_blocks=2  === m=4 flit ===
2026-06-25T18:01:39+08:00  completed_blocks=2  === m=4 flit ===
2026-06-25T18:03:39+08:00  completed_blocks=2  === m=4 flit ===
2026-06-25T18:05:39+08:00  completed_blocks=2  === m=4 flit ===
2026-06-25T18:07:39+08:00  completed_blocks=2  === m=4 flit ===
2026-06-25T18:09:39+08:00  completed_blocks=2  === m=4 flit ===
2026-06-25T18:11:39+08:00  completed_blocks=2  === m=4 flit ===
2026-06-25T18:13:39+08:00  completed_blocks=2  === m=4 flit ===
2026-06-25T18:15:39+08:00  completed_blocks=2  === m=4 flit ===
2026-06-25T18:17:39+08:00  completed_blocks=2  === m=4 flit ===
2026-06-25T18:19:39+08:00  completed_blocks=2  === m=4 flit ===
2026-06-25T18:21:39+08:00  completed_blocks=2  === m=4 flit ===
2026-06-25T18:23:39+08:00  completed_blocks=2  === m=4 flit ===
2026-06-25T18:25:39+08:00  completed_blocks=2  === m=4 flit ===
2026-06-25T18:27:39+08:00  completed_blocks=2  === m=4 flit ===
2026-06-25T18:29:40+08:00  completed_blocks=2  === m=4 flit ===
2026-06-25T18:31:40+08:00  completed_blocks=2  === m=4 flit ===
2026-06-25T18:33:40+08:00  completed_blocks=2  === m=4 flit ===
2026-06-25T18:35:40+08:00  completed_blocks=3  === m=5 flit ===
2026-06-25T18:37:40+08:00  completed_blocks=3  === m=5 flit ===
2026-06-25T18:39:40+08:00  completed_blocks=3  === m=5 flit ===
2026-06-25T18:41:40+08:00  completed_blocks=3  === m=5 flit ===
2026-06-25T18:43:40+08:00  completed_blocks=3  === m=5 flit ===
2026-06-25T18:45:40+08:00  completed_blocks=3  === m=5 flit ===
2026-06-25T18:47:40+08:00  completed_blocks=3  === m=5 flit ===
2026-06-25T18:49:40+08:00  completed_blocks=3  === m=5 flit ===
2026-06-25T18:51:40+08:00  completed_blocks=3  === m=5 flit ===
2026-06-25T18:53:40+08:00  completed_blocks=3  === m=5 flit ===
2026-06-25T18:55:40+08:00  completed_blocks=3  === m=5 flit ===
2026-06-25T18:57:40+08:00  completed_blocks=3  === m=5 flit ===
2026-06-25T18:59:40+08:00  completed_blocks=3  === m=5 flit ===
2026-06-25T19:01:40+08:00  completed_blocks=3  === m=5 flit ===
2026-06-25T19:03:40+08:00  completed_blocks=3  === m=5 flit ===
2026-06-25T19:05:40+08:00  completed_blocks=3  === m=5 flit ===
2026-06-25T19:07:40+08:00  completed_blocks=3  === m=5 flit ===
2026-06-25T19:09:40+08:00  completed_blocks=3  === m=5 flit ===
2026-06-25T19:11:40+08:00  completed_blocks=3  === m=5 flit ===
2026-06-25T19:13:40+08:00  completed_blocks=3  === m=5 flit ===
2026-06-25T19:15:40+08:00  completed_blocks=3  === m=5 flit ===
2026-06-25T19:17:40+08:00  completed_blocks=3  === m=5 flit ===
2026-06-25T19:19:40+08:00  completed_blocks=3  === m=5 flit ===
2026-06-25T19:21:40+08:00  completed_blocks=3  === m=5 flit ===
2026-06-25T19:23:40+08:00  completed_blocks=3  === m=5 flit ===
2026-06-25T19:25:40+08:00  completed_blocks=3  === m=5 flit ===
2026-06-25T19:27:40+08:00  completed_blocks=3  === m=5 flit ===
2026-06-25T19:29:40+08:00  completed_blocks=3  === m=5 flit ===
2026-06-25T19:31:40+08:00  completed_blocks=3  === m=5 flit ===
2026-06-25T19:33:40+08:00  completed_blocks=3  === m=5 flit ===
2026-06-25T19:35:41+08:00  completed_blocks=3  === m=5 flit ===
2026-06-25T19:37:41+08:00  completed_blocks=3  === m=5 flit ===
2026-06-25T19:39:41+08:00  completed_blocks=3  === m=5 flit ===
2026-06-25T19:41:41+08:00  completed_blocks=3  === m=5 flit ===
2026-06-25T19:43:41+08:00  completed_blocks=3  === m=5 flit ===
2026-06-25T19:45:41+08:00  completed_blocks=3  === m=5 flit ===
2026-06-25T19:47:41+08:00  completed_blocks=3  === m=5 flit ===
2026-06-25T19:49:41+08:00  completed_blocks=3  === m=5 flit ===
2026-06-25T19:51:41+08:00  completed_blocks=3  === m=5 flit ===
2026-06-25T19:53:41+08:00  completed_blocks=3  === m=5 flit ===
2026-06-25T19:55:41+08:00  completed_blocks=3  === m=5 flit ===
2026-06-25T19:57:41+08:00  completed_blocks=3  === m=5 flit ===
2026-06-25T19:59:41+08:00  completed_blocks=3  === m=5 flit ===
2026-06-25T20:01:41+08:00  completed_blocks=3  === m=5 flit ===
2026-06-25T20:03:41+08:00  completed_blocks=3  === m=5 flit ===
2026-06-25T20:05:41+08:00  completed_blocks=3  === m=5 flit ===
2026-06-25T20:07:41+08:00  completed_blocks=3  === m=5 flit ===
2026-06-25T20:09:41+08:00  completed_blocks=3  === m=5 flit ===
2026-06-25T20:11:41+08:00  completed_blocks=3  === m=5 flit ===
2026-06-25T20:13:41+08:00  completed_blocks=3  === m=5 flit ===
2026-06-25T20:15:41+08:00  completed_blocks=3  === m=5 flit ===
2026-06-25T20:17:41+08:00  completed_blocks=3  === m=5 flit ===
2026-06-25T20:19:41+08:00  completed_blocks=3  === m=5 flit ===
2026-06-25T20:21:41+08:00  completed_blocks=3  === m=5 flit ===
2026-06-25T20:23:41+08:00  completed_blocks=3  === m=5 flit ===
2026-06-25T20:25:41+08:00  completed_blocks=3  === m=5 flit ===
2026-06-25T20:27:41+08:00  completed_blocks=3  === m=5 flit ===
2026-06-25T20:29:41+08:00  completed_blocks=3  === m=5 flit ===
2026-06-25T20:31:41+08:00  completed_blocks=3  === m=5 flit ===
2026-06-25T20:33:41+08:00  completed_blocks=3  === m=5 flit ===
2026-06-25T20:35:41+08:00  completed_blocks=3  === m=5 flit ===
2026-06-25T20:37:42+08:00  completed_blocks=3  === m=5 flit ===
2026-06-25T20:39:42+08:00  completed_blocks=3  === m=5 flit ===
2026-06-25T20:41:42+08:00  completed_blocks=3  === m=5 flit ===
2026-06-25T20:43:42+08:00  completed_blocks=3  === m=5 flit ===
2026-06-25T20:45:42+08:00  completed_blocks=3  === m=5 flit ===
2026-06-25T20:47:42+08:00  completed_blocks=3  === m=5 flit ===
2026-06-25T20:49:42+08:00  completed_blocks=3  === m=5 flit ===
2026-06-25T20:51:42+08:00  completed_blocks=3  === m=5 flit ===
2026-06-25T20:53:42+08:00  completed_blocks=3  === m=5 flit ===
2026-06-25T20:55:42+08:00  completed_blocks=3  === m=5 flit ===
2026-06-25T20:57:42+08:00  completed_blocks=3  === m=5 flit ===
2026-06-25T20:59:42+08:00  completed_blocks=3  === m=5 flit ===
Sweep finished (log marker).
Wrote /home/luke/workspace/booksim2/results/report_fork_msg_size_heatmap.html
Wrote /home/luke/workspace/booksim2/results/report_fork_msg_size.html
