  4x4_uni ramp=1 m=1: mk=37 (0.0s)
  4x4_uni ramp=1 m=2: mk=63 (0.1s)
  4x4_uni ramp=1 m=3: mk=93 (0.1s)
  4x4_uni ramp=1 m=4: mk=101 (0.1s)
  4x4_uni ramp=1 m=5: mk=131 (0.2s)
  4x4_uni ramp=1 m=6: mk=169 (0.2s)
  4x4_uni ramp=1 m=7: mk=196 (0.4s)
  4x4_uni ramp=1 m=8: mk=219 (0.4s)
  4x4_uni ramp=1 m=9: mk=250 (0.4s)
  4x4_uni ramp=1 m=10: mk=264 (0.4s)
  4x4_uni ramp=2 m=1: mk=36 (0.0s)
  4x4_uni ramp=2 m=2: mk=39 (0.0s)
  4x4_uni ramp=2 m=3: mk=65 (0.1s)
  4x4_uni ramp=2 m=4: mk=77 (0.1s)
  4x4_uni ramp=2 m=5: mk=105 (0.2s)
  4x4_uni ramp=2 m=6: mk=113 (0.2s)
  4x4_uni ramp=2 m=7: mk=135 (0.2s)
  4x4_uni ramp=2 m=8: mk=144 (0.3s)
  4x4_uni ramp=2 m=9: mk=185 (0.4s)
  4x4_uni ramp=2 m=10: mk=193 (0.4s)
  4x4_bi ramp=1 m=1: mk=37 (0.0s)
  4x4_bi ramp=1 m=2: mk=61 (0.1s)
  4x4_bi ramp=1 m=3: mk=91 (0.1s)
  4x4_bi ramp=1 m=4: mk=113 (0.2s)
  4x4_bi ramp=1 m=5: mk=149 (0.3s)
  4x4_bi ramp=1 m=6: mk=187 (0.4s)
  4x4_bi ramp=1 m=7: mk=232 (0.5s)
  4x4_bi ramp=1 m=8: mk=248 (0.5s)
  4x4_bi ramp=1 m=9: mk=264 (0.6s)
  4x4_bi ramp=1 m=10: mk=280 (0.6s)
  4x4_bi ramp=2 m=1: mk=33 (0.0s)
  4x4_bi ramp=2 m=2: mk=35 (0.1s)
  4x4_bi ramp=2 m=3: mk=58 (0.1s)
  4x4_bi ramp=2 m=4: mk=63 (0.1s)
  4x4_bi ramp=2 m=5: mk=84 (0.2s)
  4x4_bi ramp=2 m=6: mk=109 (0.3s)
  4x4_bi ramp=2 m=7: mk=132 (0.3s)
  4x4_bi ramp=2 m=8: mk=141 (0.4s)
  4x4_bi ramp=2 m=9: mk=165 (0.5s)
  4x4_bi ramp=2 m=10: mk=175 (0.5s)
  8x8_uni ramp=1 m=1: mk=180 (0.6s)
  8x8_uni ramp=1 m=2: mk=249 (1.2s)
  8x8_uni ramp=1 m=3: mk=396 (2.5s)
  8x8_uni ramp=1 m=4: mk=409 (3.3s)
  8x8_uni ramp=1 m=5: mk=573 (7.2s)
  8x8_uni ramp=1 m=6: mk=650 (9.3s)
  8x8_uni ramp=1 m=7: mk=758 (11.2s)
  8x8_uni ramp=1 m=8: mk=801 (11.0s)
  8x8_uni ramp=1 m=9: mk=933 (14.1s)
  8x8_uni ramp=1 m=10: mk=1005 (15.8s)
  8x8_uni ramp=2 m=1: mk=114 (0.4s)
  8x8_uni ramp=2 m=2: mk=195 (0.7s)
  8x8_uni ramp=2 m=3: mk=271 (1.2s)
  8x8_uni ramp=2 m=4: mk=325 (1.9s)
  8x8_uni ramp=2 m=5: mk=456 (5.9s)
  8x8_uni ramp=2 m=6: mk=541 (7.8s)
  8x8_uni ramp=2 m=7: mk=645 (9.9s)
  8x8_uni ramp=2 m=8: mk=721 (9.5s)
  8x8_uni ramp=2 m=9: mk=816 (10.5s)
  8x8_uni ramp=2 m=10: mk=881 (12.8s)
  8x8_bi ramp=1 m=1: mk=181 (0.8s)
  8x8_bi ramp=1 m=2: mk=279 (1.5s)
  8x8_bi ramp=1 m=3: mk=522 (5.0s)
  8x8_bi ramp=1 m=4: mk=583 (5.9s)
  8x8_bi ramp=1 m=5: mk=678 (13.9s)
  8x8_bi ramp=1 m=6: mk=741 (20.5s)
  8x8_bi ramp=1 m=7: mk=811 (42.5s)
  8x8_bi ramp=1 m=8: mk=875 (46.5s)
  8x8_bi ramp=1 m=9: mk=939 (49.3s)
  8x8_bi ramp=1 m=10: mk=1003 (52.4s)
  8x8_bi ramp=2 m=1: mk=81 (0.5s)
  8x8_bi ramp=2 m=2: mk=165 (0.9s)
  8x8_bi ramp=2 m=3: mk=264 (1.8s)
  8x8_bi ramp=2 m=4: mk=325 (2.5s)
  8x8_bi ramp=2 m=5: mk=447 (5.5s)
  8x8_bi ramp=2 m=6: mk=587 (7.2s)
  8x8_bi ramp=2 m=7: mk=697 (9.2s)
  8x8_bi ramp=2 m=8: mk=751 (8.9s)
  8x8_bi ramp=2 m=9: mk=838 (12.0s)
  8x8_bi ramp=2 m=10: mk=911 (13.9s)
  16x16_uni ramp=1 m=1: mk=651 (23.3s)
  16x16_uni ramp=1 m=2: mk=969 (58.4s)
  16x16_uni ramp=1 m=3: mk=1541 (230.9s)
  16x16_uni ramp=1 m=4: mk=1533 (337.4s)
  16x16_uni ramp=1 m=5: mk=2361 (566.7s)
  16x16_uni ramp=1 m=6: mk=2702 (683.8s)
  16x16_uni ramp=1 m=7: mk=3177 (801.2s)
  16x16_uni ramp=1 m=8: mk=3354 (814.0s)
  16x16_uni ramp=1 m=9: mk=3696 (935.7s)
  16x16_uni ramp=1 m=10: mk=3931 (1027.6s)
  16x16_uni ramp=2 m=1: mk=364 (8.9s)
  16x16_uni ramp=2 m=2: mk=903 (19.9s)
  16x16_uni ramp=2 m=3: mk=1271 (51.6s)
  16x16_uni ramp=2 m=4: mk=1407 (99.3s)
  16x16_uni ramp=2 m=5: mk=2049 (450.2s)
  16x16_uni ramp=2 m=6: mk=2287 (729.4s)
  16x16_uni ramp=2 m=7: mk=2758 (978.6s)
  16x16_uni ramp=2 m=8: mk=3045 (1042.2s)
  16x16_uni ramp=2 m=9: mk=3346 (1171.0s)
  16x16_uni ramp=2 m=10: mk=3669 (1073.5s)
  16x16_bi ramp=1 m=1: mk=870 (38.3s)
  16x16_bi ramp=1 m=2: mk=1943 (92.4s)
  16x16_bi ramp=1 m=3: mk=2399 (247.2s)
  16x16_bi ramp=1 m=4: mk=2650 (309.9s)
  16x16_bi ramp=1 m=5: mk=2950 (847.7s)
  16x16_bi ramp=1 m=6: mk=3236 (1122.3s)
Traceback (most recent call last):
  File "/home/luke/workspace/booksim2/utils/resume_size_sweep.py", line 137, in <module>
    main()
  File "/home/luke/workspace/booksim2/utils/resume_size_sweep.py", line 75, in main
    cfg = build_config(key, done[key], n)
          ^^^^^^^^^^^^^^^^^^^^^^^^^^^^^^^
  File "/home/luke/workspace/booksim2/utils/resume_size_sweep.py", line 46, in build_config
    "by_ramp": {r: [mks.get(m) for m in msg_sizes] for r, mks in by_ramp.items()},
                                        ^^^^^^^^^
NameError: name 'msg_sizes' is not defined
